# JRE version: OpenJDK Runtime Environment AdoptOpenJDK (11.0.9.1+1) (build 11.0.9.1+1)
# Java VM: OpenJDK Client VM AdoptOpenJDK (11.0.9.1+1, mixed mode, parallel gc, windows-x86)
Heap:
 PSYoungGen      total 13824K, used 12745K [0x2e8c0000, 0x2f8c0000, 0x43e00000)
  eden space 12032K, 92% used [0x2e8c0000,0x2f395290,0x2f480000)
  from space 1792K, 92% used [0x2f680000,0x2f81d398,0x2f840000)
  to   space 2048K, 0% used [0x2f480000,0x2f480000,0x2f680000)
 ParOldGen       total 82432K, used 78863K [0x03e00000, 0x08e80000, 0x2e8c0000)
  object space 82432K, 95% used [0x03e00000,0x08b03ca8,0x08e80000)
 Metaspace       used 41214K, capacity 42501K, committed 42584K, reserved 43392K
GC Heap History (20 events):
Event: 26.590 GC heap before
{Heap before GC invocations=111 (full 5):
 PSYoungGen      total 15360K, used 15200K [0x2e8c0000, 0x2fd40000, 0x43e00000)
  eden space 11008K, 100% used [0x2e8c0000,0x2f380000,0x2f380000)
  from space 4352K, 96% used [0x2f380000,0x2f798000,0x2f7c0000)
  to   space 4608K, 0% used [0x2f8c0000,0x2f8c0000,0x2fd40000)
 ParOldGen       total 82432K, used 76666K [0x03e00000, 0x08e80000, 0x2e8c0000)
  object space 82432K, 93% used [0x03e00000,0x088deba0,0x08e80000)
 Metaspace       used 39413K, capacity 40583K, committed 40664K, reserved 41344K
}
Event: 26.613 GC heap after
{Heap after GC invocations=111 (full 5):
 PSYoungGen      total 16384K, used 4480K [0x2e8c0000, 0x2fe80000, 0x43e00000)
  eden space 11776K, 0% used [0x2e8c0000,0x2e8c0000,0x2f440000)
  from space 4608K, 97% used [0x2f8c0000,0x2fd20000,0x2fd40000)
  to   space 4608K, 0% used [0x2f440000,0x2f440000,0x2f8c0000)
 ParOldGen       total 82432K, used 80786K [0x03e00000, 0x08e80000, 0x2e8c0000)
  object space 82432K, 98% used [0x03e00000,0x08ce4ba0,0x08e80000)
 Metaspace       used 39413K, capacity 40583K, committed 40664K, reserved 41344K
}
Event: 26.613 GC heap before
{Heap before GC invocations=112 (full 6):
 PSYoungGen      total 16384K, used 4480K [0x2e8c0000, 0x2fe80000, 0x43e00000)
  eden space 11776K, 0% used [0x2e8c0000,0x2e8c0000,0x2f440000)
  from space 4608K, 97% used [0x2f8c0000,0x2fd20000,0x2fd40000)
  to   space 4608K, 0% used [0x2f440000,0x2f440000,0x2f8c0000)
 ParOldGen       total 82432K, used 80786K [0x03e00000, 0x08e80000, 0x2e8c0000)
  object space 82432K, 98% used [0x03e00000,0x08ce4ba0,0x08e80000)
 Metaspace       used 39413K, capacity 40583K, committed 40664K, reserved 41344K
}
Event: 27.235 GC heap after
{Heap after GC invocations=112 (full 6):
 PSYoungGen      total 16384K, used 1618K [0x2e8c0000, 0x2fec0000, 0x43e00000)
  eden space 11776K, 0% used [0x2e8c0000,0x2e8c0000,0x2f440000)
  from space 4608K, 35% used [0x2f8c0000,0x2fa54a70,0x2fd40000)
  to   space 4608K, 0% used [0x2f440000,0x2f440000,0x2f8c0000)
 ParOldGen       total 82432K, used 82349K [0x03e00000, 0x08e80000, 0x2e8c0000)
  object space 82432K, 99% used [0x03e00000,0x08e6b598,0x08e80000)
 Metaspace       used 39413K, capacity 40583K, committed 40664K, reserved 41344K
}
Event: 27.352 GC heap before
{Heap before GC invocations=113 (full 7):
 PSYoungGen      total 16384K, used 13394K [0x2e8c0000, 0x2fec0000, 0x43e00000)
  eden space 11776K, 100% used [0x2e8c0000,0x2f440000,0x2f440000)
  from space 4608K, 35% used [0x2f8c0000,0x2fa54a70,0x2fd40000)
  to   space 4608K, 0% used [0x2f440000,0x2f440000,0x2f8c0000)
 ParOldGen       total 82432K, used 82349K [0x03e00000, 0x08e80000, 0x2e8c0000)
  object space 82432K, 99% used [0x03e00000,0x08e6b598,0x08e80000)
 Metaspace       used 39558K, capacity 40767K, committed 40792K, reserved 41344K
}
Event: 27.839 GC heap after
{Heap after GC invocations=113 (full 7):
 PSYoungGen      total 16384K, used 4729K [0x2e8c0000, 0x2fe40000, 0x43e00000)
  eden space 11776K, 40% used [0x2e8c0000,0x2ed5e768,0x2f440000)
  from space 4608K, 0% used [0x2f440000,0x2f440000,0x2f8c0000)
  to   space 4608K, 0% used [0x2f8c0000,0x2f8c0000,0x2fd40000)
 ParOldGen       total 82432K, used 82410K [0x03e00000, 0x08e80000, 0x2e8c0000)
  object space 82432K, 99% used [0x03e00000,0x08e7a820,0x08e80000)
 Metaspace       used 39390K, capacity 40562K, committed 40792K, reserved 41344K
}
Event: 27.982 GC heap before
{Heap before GC invocations=114 (full 8):
 PSYoungGen      total 16384K, used 11776K [0x2e8c0000, 0x2fe40000, 0x43e00000)
  eden space 11776K, 100% used [0x2e8c0000,0x2f440000,0x2f440000)
  from space 4608K, 0% used [0x2f440000,0x2f440000,0x2f8c0000)
  to   space 4608K, 0% used [0x2f8c0000,0x2f8c0000,0x2fd40000)
 ParOldGen       total 82432K, used 82410K [0x03e00000, 0x08e80000, 0x2e8c0000)
  object space 82432K, 99% used [0x03e00000,0x08e7a820,0x08e80000)
 Metaspace       used 39454K, capacity 40626K, committed 40920K, reserved 41344K
}
Event: 28.258 GC heap after
{Heap after GC invocations=114 (full 8):
 PSYoungGen      total 16384K, used 0K [0x2e8c0000, 0x2fe40000, 0x43e00000)
  eden space 11776K, 0% used [0x2e8c0000,0x2e8c0000,0x2f440000)
  from space 4608K, 0% used [0x2f8c0000,0x2f8c0000,0x2fd40000)
  to   space 4608K, 0% used [0x2f440000,0x2f440000,0x2f8c0000)
 ParOldGen       total 82432K, used 75434K [0x03e00000, 0x08e80000, 0x2e8c0000)
  object space 82432K, 91% used [0x03e00000,0x087aab18,0x08e80000)
 Metaspace       used 39454K, capacity 40626K, committed 40920K, reserved 41344K
}
Event: 28.600 GC heap before
{Heap before GC invocations=115 (full 8):
 PSYoungGen      total 16384K, used 11776K [0x2e8c0000, 0x2fe40000, 0x43e00000)
  eden space 11776K, 100% used [0x2e8c0000,0x2f440000,0x2f440000)
  from space 4608K, 0% used [0x2f8c0000,0x2f8c0000,0x2fd40000)
  to   space 4608K, 0% used [0x2f440000,0x2f440000,0x2f8c0000)
 ParOldGen       total 82432K, used 75434K [0x03e00000, 0x08e80000, 0x2e8c0000)
  object space 82432K, 91% used [0x03e00000,0x087aab18,0x08e80000)
 Metaspace       used 39463K, capacity 40626K, committed 40920K, reserved 41344K
}
Event: 28.606 GC heap after
{Heap after GC invocations=115 (full 8):
 PSYoungGen      total 12544K, used 642K [0x2e8c0000, 0x2f980000, 0x43e00000)
  eden space 11776K, 0% used [0x2e8c0000,0x2e8c0000,0x2f440000)
  from space 768K, 83% used [0x2f440000,0x2f4e0a20,0x2f500000)
  to   space 2304K, 0% used [0x2f740000,0x2f740000,0x2f980000)
 ParOldGen       total 82432K, used 75438K [0x03e00000, 0x08e80000, 0x2e8c0000)
  object space 82432K, 91% used [0x03e00000,0x087abb18,0x08e80000)
 Metaspace       used 39463K, capacity 40626K, committed 40920K, reserved 41344K
}
Event: 28.909 GC heap before
{Heap before GC invocations=116 (full 8):
 PSYoungGen      total 12544K, used 12418K [0x2e8c0000, 0x2f980000, 0x43e00000)
  eden space 11776K, 100% used [0x2e8c0000,0x2f440000,0x2f440000)
  from space 768K, 83% used [0x2f440000,0x2f4e0a20,0x2f500000)
  to   space 2304K, 0% used [0x2f740000,0x2f740000,0x2f980000)
 ParOldGen       total 82432K, used 75438K [0x03e00000, 0x08e80000, 0x2e8c0000)
  object space 82432K, 91% used [0x03e00000,0x087abb18,0x08e80000)
 Metaspace       used 39487K, capacity 40633K, committed 40920K, reserved 41344K
}
Event: 28.915 GC heap after
{Heap after GC invocations=116 (full 8):
 PSYoungGen      total 14080K, used 1442K [0x2e8c0000, 0x2f8c0000, 0x43e00000)
  eden space 12544K, 0% used [0x2e8c0000,0x2e8c0000,0x2f500000)
  from space 1536K, 93% used [0x2f740000,0x2f8a8a20,0x2f8c0000)
  to   space 1792K, 0% used [0x2f540000,0x2f540000,0x2f700000)
 ParOldGen       total 82432K, used 75442K [0x03e00000, 0x08e80000, 0x2e8c0000)
  object space 82432K, 91% used [0x03e00000,0x087acb18,0x08e80000)
 Metaspace       used 39487K, capacity 40633K, committed 40920K, reserved 41344K
}
Event: 29.260 GC heap before
{Heap before GC invocations=117 (full 8):
 PSYoungGen      total 14080K, used 13986K [0x2e8c0000, 0x2f8c0000, 0x43e00000)
  eden space 12544K, 100% used [0x2e8c0000,0x2f500000,0x2f500000)
  from space 1536K, 93% used [0x2f740000,0x2f8a8a20,0x2f8c0000)
  to   space 1792K, 0% used [0x2f540000,0x2f540000,0x2f700000)
 ParOldGen       total 82432K, used 75442K [0x03e00000, 0x08e80000, 0x2e8c0000)
  object space 82432K, 91% used [0x03e00000,0x087acb18,0x08e80000)
 Metaspace       used 39564K, capacity 40737K, committed 40920K, reserved 41344K
}
Event: 29.266 GC heap after
{Heap after GC invocations=117 (full 8):
 PSYoungGen      total 14592K, used 1780K [0x2e8c0000, 0x2fa80000, 0x43e00000)
  eden space 12800K, 0% used [0x2e8c0000,0x2e8c0000,0x2f540000)
  from space 1792K, 99% used [0x2f540000,0x2f6fd138,0x2f700000)
  to   space 2560K, 0% used [0x2f800000,0x2f800000,0x2fa80000)
 ParOldGen       total 82432K, used 75898K [0x03e00000, 0x08e80000, 0x2e8c0000)
  object space 82432K, 92% used [0x03e00000,0x0881eb18,0x08e80000)
 Metaspace       used 39564K, capacity 40737K, committed 40920K, reserved 41344K
}
Event: 29.706 GC heap before
{Heap before GC invocations=118 (full 8):
 PSYoungGen      total 14592K, used 14580K [0x2e8c0000, 0x2fa80000, 0x43e00000)
  eden space 12800K, 100% used [0x2e8c0000,0x2f540000,0x2f540000)
  from space 1792K, 99% used [0x2f540000,0x2f6fd138,0x2f700000)
  to   space 2560K, 0% used [0x2f800000,0x2f800000,0x2fa80000)
 ParOldGen       total 82432K, used 75898K [0x03e00000, 0x08e80000, 0x2e8c0000)
  object space 82432K, 92% used [0x03e00000,0x0881eb18,0x08e80000)
 Metaspace       used 39812K, capacity 41028K, committed 41304K, reserved 41344K
}
Event: 29.719 GC heap after
{Heap after GC invocations=118 (full 8):
 PSYoungGen      total 14336K, used 2552K [0x2e8c0000, 0x2fd40000, 0x43e00000)
  eden space 11776K, 0% used [0x2e8c0000,0x2e8c0000,0x2f440000)
  from space 2560K, 99% used [0x2f800000,0x2fa7e140,0x2fa80000)
  to   space 3840K, 0% used [0x2f440000,0x2f440000,0x2f800000)
 ParOldGen       total 82432K, used 76811K [0x03e00000, 0x08e80000, 0x2e8c0000)
  object space 82432K, 93% used [0x03e00000,0x08902c88,0x08e80000)
 Metaspace       used 39812K, capacity 41028K, committed 41304K, reserved 41344K
}
Event: 30.385 GC heap before
{Heap before GC invocations=119 (full 8):
 PSYoungGen      total 14336K, used 14328K [0x2e8c0000, 0x2fd40000, 0x43e00000)
  eden space 11776K, 100% used [0x2e8c0000,0x2f440000,0x2f440000)
  from space 2560K, 99% used [0x2f800000,0x2fa7e140,0x2fa80000)
  to   space 3840K, 0% used [0x2f440000,0x2f440000,0x2f800000)
 ParOldGen       total 82432K, used 76811K [0x03e00000, 0x08e80000, 0x2e8c0000)
  object space 82432K, 93% used [0x03e00000,0x08902c88,0x08e80000)
 Metaspace       used 40311K, capacity 41539K, committed 41560K, reserved 42368K
}
Event: 30.395 GC heap after
{Heap after GC invocations=119 (full 8):
 PSYoungGen      total 12544K, used 703K [0x2e8c0000, 0x2f840000, 0x43e00000)
  eden space 11776K, 0% used [0x2e8c0000,0x2e8c0000,0x2f440000)
  from space 768K, 91% used [0x2f440000,0x2f4eff20,0x2f500000)
  to   space 1792K, 0% used [0x2f680000,0x2f680000,0x2f840000)
 ParOldGen       total 82432K, used 78863K [0x03e00000, 0x08e80000, 0x2e8c0000)
  object space 82432K, 95% used [0x03e00000,0x08b03ca8,0x08e80000)
 Metaspace       used 40311K, capacity 41539K, committed 41560K, reserved 42368K
}
Event: 30.694 GC heap before
{Heap before GC invocations=120 (full 8):
 PSYoungGen      total 12544K, used 12479K [0x2e8c0000, 0x2f840000, 0x43e00000)
  eden space 11776K, 100% used [0x2e8c0000,0x2f440000,0x2f440000)
  from space 768K, 91% used [0x2f440000,0x2f4eff20,0x2f500000)
  to   space 1792K, 0% used [0x2f680000,0x2f680000,0x2f840000)
 ParOldGen       total 82432K, used 78863K [0x03e00000, 0x08e80000, 0x2e8c0000)
  object space 82432K, 95% used [0x03e00000,0x08b03ca8,0x08e80000)
 Metaspace       used 40975K, capacity 42243K, committed 42328K, reserved 42368K
}
Event: 30.700 GC heap after
{Heap after GC invocations=120 (full 8):
 PSYoungGen      total 13824K, used 1652K [0x2e8c0000, 0x2f8c0000, 0x43e00000)
  eden space 12032K, 0% used [0x2e8c0000,0x2e8c0000,0x2f480000)
  from space 1792K, 92% used [0x2f680000,0x2f81d398,0x2f840000)
  to   space 2048K, 0% used [0x2f480000,0x2f480000,0x2f680000)
 ParOldGen       total 82432K, used 78863K [0x03e00000, 0x08e80000, 0x2e8c0000)
  object space 82432K, 95% used [0x03e00000,0x08b03ca8,0x08e80000)
 Metaspace       used 40975K, capacity 42243K, committed 42328K, reserved 42368K
}

